<?xml version="1.0" encoding="UTF-8"?>
<!-- Generated by org.testng.reporters.JUnitReportReporter -->
<testsuite hostname="LAPTOP-4TCE2O8E" failures="0" tests="3" name="eCommerce.test.SubmitOrderTest" time="56.973" errors="0" timestamp="28 Feb 2023 00:21:34 GMT" skipped="0">
  <testcase classname="eCommerce.test.SubmitOrderTest" name="submitOrder" time="23.967"/>
  <testcase classname="eCommerce.test.SubmitOrderTest" name="OrderHistoryTest" time="8.428"/>
  <testcase classname="eCommerce.test.SubmitOrderTest" name="submitOrder" time="24.578"/>
</testsuite> <!-- eCommerce.test.SubmitOrderTest -->
